<?xml version="1.0" encoding="UTF-8"?>
<testsuite xmlns:xsi="http://www.w3.org/2001/XMLSchema-instance" xsi:noNamespaceSchemaLocation="https://maven.apache.org/surefire/maven-surefire-plugin/xsd/surefire-test-report-3.0.xsd" version="3.0" name="com.socslingo.models.DeckTest" time="0.014" tests="17" errors="0" skipped="0" failures="0">
  <properties>
    <property name="java.specification.version" value="21"/>
    <property name="sun.cpu.isalist" value="amd64"/>
    <property name="sun.jnu.encoding" value="Cp1252"/>
    <property name="java.class.path" value="C:\Users\taitr\OneDrive\Desktop\LOCAL_PRODUCTION\socslingo\target\test-classes;C:\Users\taitr\OneDrive\Desktop\LOCAL_PRODUCTION\socslingo\target\classes;C:\Users\taitr\.m2\repository\org\mindrot\jbcrypt\0.4\jbcrypt-0.4.jar;C:\Users\taitr\.m2\repository\org\openjfx\javafx-controls\16\javafx-controls-16.jar;C:\Users\taitr\.m2\repository\org\openjfx\javafx-controls\16\javafx-controls-16-win.jar;C:\Users\taitr\.m2\repository\org\openjfx\javafx-graphics\16\javafx-graphics-16.jar;C:\Users\taitr\.m2\repository\org\openjfx\javafx-graphics\16\javafx-graphics-16-win.jar;C:\Users\taitr\.m2\repository\org\openjfx\javafx-base\16\javafx-base-16.jar;C:\Users\taitr\.m2\repository\org\openjfx\javafx-base\16\javafx-base-16-win.jar;C:\Users\taitr\.m2\repository\org\openjfx\javafx-fxml\16\javafx-fxml-16.jar;C:\Users\taitr\.m2\repository\org\openjfx\javafx-fxml\16\javafx-fxml-16-win.jar;C:\Users\taitr\.m2\repository\ch\qos\logback\logback-classic\1.5.8\logback-classic-1.5.8.jar;C:\Users\taitr\.m2\repository\ch\qos\logback\logback-core\1.5.8\logback-core-1.5.8.jar;C:\Users\taitr\.m2\repository\org\junit\jupiter\junit-jupiter-api\5.11.0\junit-jupiter-api-5.11.0.jar;C:\Users\taitr\.m2\repository\org\opentest4j\opentest4j\1.3.0\opentest4j-1.3.0.jar;C:\Users\taitr\.m2\repository\org\junit\platform\junit-platform-commons\1.11.0\junit-platform-commons-1.11.0.jar;C:\Users\taitr\.m2\repository\org\apiguardian\apiguardian-api\1.1.2\apiguardian-api-1.1.2.jar;C:\Users\taitr\.m2\repository\org\slf4j\slf4j-api\2.0.16\slf4j-api-2.0.16.jar;C:\Users\taitr\.m2\repository\org\xerial\sqlite-jdbc\3.46.1.0\sqlite-jdbc-3.46.1.0.jar;"/>
    <property name="java.vm.vendor" value="BellSoft"/>
    <property name="sun.arch.data.model" value="64"/>
    <property name="user.variant" value=""/>
    <property name="java.vendor.url" value="https://bell-sw.com/"/>
    <property name="user.timezone" value="Australia/Brisbane"/>
    <property name="os.name" value="Windows 11"/>
    <property name="java.vm.specification.version" value="21"/>
    <property name="sun.java.launcher" value="SUN_STANDARD"/>
    <property name="user.country" value="AU"/>
    <property name="sun.boot.library.path" value="C:\Program Files\BellSoft\LibericaJDK-21-Full\bin"/>
    <property name="sun.java.command" value="C:\Users\taitr\AppData\Local\Temp\surefire5531487948309240617\surefirebooter-20241027123857683_3.jar C:\Users\taitr\AppData\Local\Temp\surefire5531487948309240617 2024-10-27T12-38-57_398-jvmRun1 surefire-20241027123857683_1tmp surefire_0-20241027123857683_2tmp"/>
    <property name="jdk.debug" value="release"/>
    <property name="surefire.test.class.path" value="C:\Users\taitr\OneDrive\Desktop\LOCAL_PRODUCTION\socslingo\target\test-classes;C:\Users\taitr\OneDrive\Desktop\LOCAL_PRODUCTION\socslingo\target\classes;C:\Users\taitr\.m2\repository\org\mindrot\jbcrypt\0.4\jbcrypt-0.4.jar;C:\Users\taitr\.m2\repository\org\openjfx\javafx-controls\16\javafx-controls-16.jar;C:\Users\taitr\.m2\repository\org\openjfx\javafx-controls\16\javafx-controls-16-win.jar;C:\Users\taitr\.m2\repository\org\openjfx\javafx-graphics\16\javafx-graphics-16.jar;C:\Users\taitr\.m2\repository\org\openjfx\javafx-graphics\16\javafx-graphics-16-win.jar;C:\Users\taitr\.m2\repository\org\openjfx\javafx-base\16\javafx-base-16.jar;C:\Users\taitr\.m2\repository\org\openjfx\javafx-base\16\javafx-base-16-win.jar;C:\Users\taitr\.m2\repository\org\openjfx\javafx-fxml\16\javafx-fxml-16.jar;C:\Users\taitr\.m2\repository\org\openjfx\javafx-fxml\16\javafx-fxml-16-win.jar;C:\Users\taitr\.m2\repository\ch\qos\logback\logback-classic\1.5.8\logback-classic-1.5.8.jar;C:\Users\taitr\.m2\repository\ch\qos\logback\logback-core\1.5.8\logback-core-1.5.8.jar;C:\Users\taitr\.m2\repository\org\junit\jupiter\junit-jupiter-api\5.11.0\junit-jupiter-api-5.11.0.jar;C:\Users\taitr\.m2\repository\org\opentest4j\opentest4j\1.3.0\opentest4j-1.3.0.jar;C:\Users\taitr\.m2\repository\org\junit\platform\junit-platform-commons\1.11.0\junit-platform-commons-1.11.0.jar;C:\Users\taitr\.m2\repository\org\apiguardian\apiguardian-api\1.1.2\apiguardian-api-1.1.2.jar;C:\Users\taitr\.m2\repository\org\slf4j\slf4j-api\2.0.16\slf4j-api-2.0.16.jar;C:\Users\taitr\.m2\repository\org\xerial\sqlite-jdbc\3.46.1.0\sqlite-jdbc-3.46.1.0.jar;"/>
    <property name="sun.cpu.endian" value="little"/>
    <property name="user.home" value="C:\Users\taitr"/>
    <property name="user.language" value="en"/>
    <property name="java.specification.vendor" value="Oracle Corporation"/>
    <property name="java.version.date" value="2024-07-16"/>
    <property name="java.home" value="C:\Program Files\BellSoft\LibericaJDK-21-Full"/>
    <property name="file.separator" value="\"/>
    <property name="basedir" value="C:\Users\taitr\OneDrive\Desktop\LOCAL_PRODUCTION\socslingo"/>
    <property name="java.vm.compressedOopsMode" value="Zero based"/>
    <property name="line.separator" value="&#10;"/>
    <property name="java.vm.specification.vendor" value="Oracle Corporation"/>
    <property name="java.specification.name" value="Java Platform API Specification"/>
    <property name="surefire.real.class.path" value="C:\Users\taitr\AppData\Local\Temp\surefire5531487948309240617\surefirebooter-20241027123857683_3.jar"/>
    <property name="user.script" value=""/>
    <property name="sun.management.compiler" value="HotSpot 64-Bit Tiered Compilers"/>
    <property name="java.runtime.version" value="21.0.4+9-LTS"/>
    <property name="user.name" value="Taitranz"/>
    <property name="stdout.encoding" value="Cp1252"/>
    <property name="path.separator" value=";"/>
    <property name="os.version" value="10.0"/>
    <property name="java.runtime.name" value="OpenJDK Runtime Environment"/>
    <property name="file.encoding" value="UTF-8"/>
    <property name="java.vm.name" value="OpenJDK 64-Bit Server VM"/>
    <property name="localRepository" value="C:\Users\taitr\.m2\repository"/>
    <property name="java.vendor.url.bug" value="https://bell-sw.com/support"/>
    <property name="java.io.tmpdir" value="C:\Users\taitr\AppData\Local\Temp\"/>
    <property name="java.version" value="21.0.4"/>
    <property name="user.dir" value="C:\Users\taitr\OneDrive\Desktop\LOCAL_PRODUCTION\socslingo"/>
    <property name="os.arch" value="amd64"/>
    <property name="java.vm.specification.name" value="Java Virtual Machine Specification"/>
    <property name="sun.os.patch.level" value=""/>
    <property name="native.encoding" value="Cp1252"/>
    <property name="java.library.path" value="C:\Program Files\BellSoft\LibericaJDK-21-Full\bin;C:\WINDOWS\Sun\Java\bin;C:\WINDOWS\system32;C:\WINDOWS;c:\Users\taitr\AppData\Local\Programs\cursor\resources\app\bin;C:\Program Files\BellSoft\LibericaJDK-21-Full\bin\;C:\Program Files\Eclipse Adoptium\jdk-17.0.12.7-hotspot\bin;C:\WINDOWS\system32;C:\WINDOWS;C:\WINDOWS\System32\Wbem;C:\WINDOWS\System32\WindowsPowerShell\v1.0\;C:\WINDOWS\System32\OpenSSH\;C:\Program Files\Git\cmd;C:\Program Files\dotnet\;C:\Program Files (x86)\NVIDIA Corporation\PhysX\Common;C:\Users\taitr\OneDrive\Documents\Enviromental Variables\apache-maven-3.9.9\bin;C:\Program Files\MATLAB\R2024b\bin;C:\Users\taitr\AppData\Local\Programs\Python\Python312\Scripts\;C:\Users\taitr\AppData\Local\Programs\Python\Python312\;C:\Users\taitr\AppData\Local\Microsoft\WindowsApps;;C:\WINDOWS\system32;C:\WINDOWS;C:\WINDOWS\System32\Wbem;C:\WINDOWS\System32\WindowsPowerShell\v1.0\;C:\WINDOWS\System32\OpenSSH\;C:\Program Files\NVIDIA Corporation\NVIDIA app\NvDLISR;C:\Users\taitr\AppData\Local\Programs\Python\Python312\Scripts\;C:\Users\taitr\AppData\Local\Programs\Python\Python312\;C:\Users\taitr\AppData\Local\Microsoft\WindowsApps;C:\Users\taitr\AppData\Local\Programs\Microsoft VS Code Insiders\bin;C:\Users\taitr\AppData\Local\Muse Hub\lib;;."/>
    <property name="java.vm.info" value="mixed mode, sharing"/>
    <property name="stderr.encoding" value="Cp1252"/>
    <property name="java.vendor" value="BellSoft"/>
    <property name="java.vm.version" value="21.0.4+9-LTS"/>
    <property name="sun.io.unicode.encoding" value="UnicodeLittle"/>
    <property name="java.class.version" value="65.0"/>
  </properties>
  <testcase name="testZeroUserId" classname="com.socslingo.models.DeckTest" time="0.006"/>
  <testcase name="testToString" classname="com.socslingo.models.DeckTest" time="0.001"/>
  <testcase name="testDeckCreation" classname="com.socslingo.models.DeckTest" time="0.0"/>
  <testcase name="testEmptyDeckName" classname="com.socslingo.models.DeckTest" time="0.0"/>
  <testcase name="testImmutableDeckId" classname="com.socslingo.models.DeckTest" time="0.0"/>
  <testcase name="testSetCreatedDate" classname="com.socslingo.models.DeckTest" time="0.0"/>
  <testcase name="testNegativeDeckId" classname="com.socslingo.models.DeckTest" time="0.001"/>
  <testcase name="testImmutableUserId" classname="com.socslingo.models.DeckTest" time="0.0"/>
  <testcase name="testSetDeckId" classname="com.socslingo.models.DeckTest" time="0.001"/>
  <testcase name="testGetDeckId" classname="com.socslingo.models.DeckTest" time="0.0"/>
  <testcase name="testMultipleDecks" classname="com.socslingo.models.DeckTest" time="0.001"/>
  <testcase name="testSetUserId" classname="com.socslingo.models.DeckTest" time="0.0"/>
  <testcase name="testNullDeckName" classname="com.socslingo.models.DeckTest" time="0.001"/>
  <testcase name="testGetUserId" classname="com.socslingo.models.DeckTest" time="0.0"/>
  <testcase name="testSetDeckName" classname="com.socslingo.models.DeckTest" time="0.0"/>
  <testcase name="testGetCreatedDate" classname="com.socslingo.models.DeckTest" time="0.0"/>
  <testcase name="testGetDeckName" classname="com.socslingo.models.DeckTest" time="0.001"/>
</testsuite>