<?xml version="1.0" encoding="UTF-8"?>
<testsuite xmlns:xsi="http://www.w3.org/2001/XMLSchema-instance" xsi:noNamespaceSchemaLocation="https://maven.apache.org/surefire/maven-surefire-plugin/xsd/surefire-test-report-3.0.xsd" version="3.0" name="com.socslingo.models.UserTest" time="0.063" tests="10" errors="0" skipped="0" failures="0">
  <properties>
    <property name="java.specification.version" value="21"/>
    <property name="sun.jnu.encoding" value="UTF-8"/>
    <property name="java.class.path" value="/Users/kousukesudo/Downloads/kou302/302_Assignment/socslingo/target/test-classes:/Users/kousukesudo/Downloads/kou302/302_Assignment/socslingo/target/classes:/Users/kousukesudo/.m2/repository/org/junit/jupiter/junit-jupiter-api/5.11.0/junit-jupiter-api-5.11.0.jar:/Users/kousukesudo/.m2/repository/org/opentest4j/opentest4j/1.3.0/opentest4j-1.3.0.jar:/Users/kousukesudo/.m2/repository/org/junit/platform/junit-platform-commons/1.11.0/junit-platform-commons-1.11.0.jar:/Users/kousukesudo/.m2/repository/org/apiguardian/apiguardian-api/1.1.2/apiguardian-api-1.1.2.jar:/Users/kousukesudo/.m2/repository/org/openjfx/javafx-controls/13/javafx-controls-13.jar:/Users/kousukesudo/.m2/repository/org/openjfx/javafx-controls/13/javafx-controls-13-mac.jar:/Users/kousukesudo/.m2/repository/org/openjfx/javafx-graphics/13/javafx-graphics-13.jar:/Users/kousukesudo/.m2/repository/org/openjfx/javafx-graphics/13/javafx-graphics-13-mac.jar:/Users/kousukesudo/.m2/repository/org/openjfx/javafx-base/13/javafx-base-13.jar:/Users/kousukesudo/.m2/repository/org/openjfx/javafx-base/13/javafx-base-13-mac.jar:/Users/kousukesudo/.m2/repository/org/openjfx/javafx-fxml/13/javafx-fxml-13.jar:/Users/kousukesudo/.m2/repository/org/openjfx/javafx-fxml/13/javafx-fxml-13-mac.jar:/Users/kousukesudo/.m2/repository/org/slf4j/slf4j-api/2.0.16/slf4j-api-2.0.16.jar:/Users/kousukesudo/.m2/repository/org/slf4j/slf4j-simple/2.0.16/slf4j-simple-2.0.16.jar:/Users/kousukesudo/.m2/repository/org/xerial/sqlite-jdbc/3.46.1.0/sqlite-jdbc-3.46.1.0.jar:"/>
    <property name="java.vm.vendor" value="Amazon.com Inc."/>
    <property name="sun.arch.data.model" value="64"/>
    <property name="java.vendor.url" value="https://aws.amazon.com/corretto/"/>
    <property name="os.name" value="Mac OS X"/>
    <property name="java.vm.specification.version" value="21"/>
    <property name="sun.java.launcher" value="SUN_STANDARD"/>
    <property name="user.country" value="JP"/>
    <property name="sun.boot.library.path" value="/Library/Java/JavaVirtualMachines/amazon-corretto-21.jdk/Contents/Home/lib"/>
    <property name="sun.java.command" value="/Users/kousukesudo/Downloads/kou302/302_Assignment/socslingo/target/surefire/surefirebooter-20240918132747021_3.jar /Users/kousukesudo/Downloads/kou302/302_Assignment/socslingo/target/surefire 2024-09-18T13-27-46_740-jvmRun1 surefire-20240918132747021_1tmp surefire_0-20240918132747021_2tmp"/>
    <property name="http.nonProxyHosts" value="local|*.local|169.254/16|*.169.254/16"/>
    <property name="jdk.debug" value="release"/>
    <property name="surefire.test.class.path" value="/Users/kousukesudo/Downloads/kou302/302_Assignment/socslingo/target/test-classes:/Users/kousukesudo/Downloads/kou302/302_Assignment/socslingo/target/classes:/Users/kousukesudo/.m2/repository/org/junit/jupiter/junit-jupiter-api/5.11.0/junit-jupiter-api-5.11.0.jar:/Users/kousukesudo/.m2/repository/org/opentest4j/opentest4j/1.3.0/opentest4j-1.3.0.jar:/Users/kousukesudo/.m2/repository/org/junit/platform/junit-platform-commons/1.11.0/junit-platform-commons-1.11.0.jar:/Users/kousukesudo/.m2/repository/org/apiguardian/apiguardian-api/1.1.2/apiguardian-api-1.1.2.jar:/Users/kousukesudo/.m2/repository/org/openjfx/javafx-controls/13/javafx-controls-13.jar:/Users/kousukesudo/.m2/repository/org/openjfx/javafx-controls/13/javafx-controls-13-mac.jar:/Users/kousukesudo/.m2/repository/org/openjfx/javafx-graphics/13/javafx-graphics-13.jar:/Users/kousukesudo/.m2/repository/org/openjfx/javafx-graphics/13/javafx-graphics-13-mac.jar:/Users/kousukesudo/.m2/repository/org/openjfx/javafx-base/13/javafx-base-13.jar:/Users/kousukesudo/.m2/repository/org/openjfx/javafx-base/13/javafx-base-13-mac.jar:/Users/kousukesudo/.m2/repository/org/openjfx/javafx-fxml/13/javafx-fxml-13.jar:/Users/kousukesudo/.m2/repository/org/openjfx/javafx-fxml/13/javafx-fxml-13-mac.jar:/Users/kousukesudo/.m2/repository/org/slf4j/slf4j-api/2.0.16/slf4j-api-2.0.16.jar:/Users/kousukesudo/.m2/repository/org/slf4j/slf4j-simple/2.0.16/slf4j-simple-2.0.16.jar:/Users/kousukesudo/.m2/repository/org/xerial/sqlite-jdbc/3.46.1.0/sqlite-jdbc-3.46.1.0.jar:"/>
    <property name="sun.cpu.endian" value="little"/>
    <property name="user.home" value="/Users/kousukesudo"/>
    <property name="user.language" value="ja"/>
    <property name="java.specification.vendor" value="Oracle Corporation"/>
    <property name="java.version.date" value="2024-07-16"/>
    <property name="java.home" value="/Library/Java/JavaVirtualMachines/amazon-corretto-21.jdk/Contents/Home"/>
    <property name="file.separator" value="/"/>
    <property name="basedir" value="/Users/kousukesudo/Downloads/kou302/302_Assignment/socslingo"/>
    <property name="java.vm.compressedOopsMode" value="Zero based"/>
    <property name="line.separator" value="&#10;"/>
    <property name="java.vm.specification.vendor" value="Oracle Corporation"/>
    <property name="java.specification.name" value="Java Platform API Specification"/>
    <property name="apple.awt.application.name" value="ForkedBooter"/>
    <property name="surefire.real.class.path" value="/Users/kousukesudo/Downloads/kou302/302_Assignment/socslingo/target/surefire/surefirebooter-20240918132747021_3.jar"/>
    <property name="sun.management.compiler" value="HotSpot 64-Bit Tiered Compilers"/>
    <property name="ftp.nonProxyHosts" value="local|*.local|169.254/16|*.169.254/16"/>
    <property name="java.runtime.version" value="21.0.4+7-LTS"/>
    <property name="user.name" value="kousukesudo"/>
    <property name="stdout.encoding" value="UTF-8"/>
    <property name="path.separator" value=":"/>
    <property name="os.version" value="14.6.1"/>
    <property name="java.runtime.name" value="OpenJDK Runtime Environment"/>
    <property name="file.encoding" value="UTF-8"/>
    <property name="java.vm.name" value="OpenJDK 64-Bit Server VM"/>
    <property name="java.vendor.version" value="Corretto-21.0.4.7.1"/>
    <property name="localRepository" value="/Users/kousukesudo/.m2/repository"/>
    <property name="java.vendor.url.bug" value="https://github.com/corretto/corretto-21/issues/"/>
    <property name="java.io.tmpdir" value="/var/folders/50/dkj9hjnx4wz0qvkkjxn80k5m0000gn/T/"/>
    <property name="java.version" value="21.0.4"/>
    <property name="user.dir" value="/Users/kousukesudo/Downloads/kou302/302_Assignment/socslingo"/>
    <property name="os.arch" value="x86_64"/>
    <property name="java.vm.specification.name" value="Java Virtual Machine Specification"/>
    <property name="native.encoding" value="UTF-8"/>
    <property name="java.library.path" value="/Users/kousukesudo/Library/Java/Extensions:/Library/Java/Extensions:/Network/Library/Java/Extensions:/System/Library/Java/Extensions:/usr/lib/java:."/>
    <property name="java.vm.info" value="mixed mode, sharing"/>
    <property name="stderr.encoding" value="UTF-8"/>
    <property name="java.vendor" value="Amazon.com Inc."/>
    <property name="java.vm.version" value="21.0.4+7-LTS"/>
    <property name="sun.io.unicode.encoding" value="UnicodeBig"/>
    <property name="socksNonProxyHosts" value="local|*.local|169.254/16|*.169.254/16"/>
    <property name="java.class.version" value="65.0"/>
  </properties>
  <testcase name="testToStringWithEmptyFields" classname="com.socslingo.models.UserTest" time="0.02"/>
  <testcase name="testSetEmailToNull" classname="com.socslingo.models.UserTest" time="0.002"/>
  <testcase name="testSetPasswordToEmptyString" classname="com.socslingo.models.UserTest" time="0.003"/>
  <testcase name="testToString" classname="com.socslingo.models.UserTest" time="0.003"/>
  <testcase name="testToStringWithNullFields" classname="com.socslingo.models.UserTest" time="0.001"/>
  <testcase name="testSettersAndGetters" classname="com.socslingo.models.UserTest" time="0.002"/>
  <testcase name="testUserConstructor" classname="com.socslingo.models.UserTest" time="0.002"/>
  <testcase name="testSetUsernameToEmptyString" classname="com.socslingo.models.UserTest" time="0.002"/>
  <testcase name="testEmailSetterAndGetter" classname="com.socslingo.models.UserTest" time="0.011"/>
  <testcase name="testUpdateMultipleFields" classname="com.socslingo.models.UserTest" time="0.002"/>
</testsuite>